
*** Running vivado
    with args -log ex4.vdi -applog -m64 -product Vivado -messageDb vivado.pb -mode batch -source ex4.tcl -notrace


****** Vivado v2016.4 (64-bit)
  **** SW Build 1756540 on Mon Jan 23 19:11:23 MST 2017
  **** IP Build 1755317 on Mon Jan 23 20:30:07 MST 2017
    ** Copyright 1986-2016 Xilinx, Inc. All Rights Reserved.

source ex4.tcl -notrace
Design is defaulting to srcset: sources_1
Design is defaulting to constrset: constrs_1
INFO: [Netlist 29-17] Analyzing 10 Unisim elements for replacement
INFO: [Netlist 29-28] Unisim Transformation completed in 1 CPU seconds
INFO: [Project 1-479] Netlist was created with Vivado 2016.4
INFO: [Device 21-403] Loading part xc7a35tcpg236-1
INFO: [Project 1-570] Preparing netlist for logic optimization
INFO: [Opt 31-138] Pushed 0 inverter(s) to 0 load pin(s).
INFO: [Project 1-111] Unisim Transformation Summary:
No Unisim elements were transformed.

link_design: Time (s): cpu = 00:00:15 ; elapsed = 00:00:17 . Memory (MB): peak = 458.848 ; gain = 242.070
INFO: [Vivado_Tcl 4-424] Cannot write hardware definition file as there are no IPI block design hardware handoff files present
Command: opt_design
Attempting to get a license for feature 'Implementation' and/or device 'xc7a35t'
INFO: [Common 17-349] Got license for feature 'Implementation' and/or device 'xc7a35t'
Running DRC as a precondition to command opt_design

Starting DRC Task
INFO: [DRC 23-27] Running DRC with 2 threads
INFO: [Project 1-461] DRC finished with 0 Errors
INFO: [Project 1-462] Please refer to the DRC report (report_drc) for more information.

Time (s): cpu = 00:00:01 ; elapsed = 00:00:00.351 . Memory (MB): peak = 465.449 ; gain = 6.445
INFO: [Timing 38-35] Done setting XDC timing constraints.

Starting Logic Optimization Task
Implement Debug Cores | Checksum: 199fcb4e0

Phase 1 Retarget
INFO: [Opt 31-138] Pushed 0 inverter(s) to 0 load pin(s).
INFO: [Opt 31-49] Retargeted 0 cell(s).
Phase 1 Retarget | Checksum: 199fcb4e0

Time (s): cpu = 00:00:00 ; elapsed = 00:00:00.015 . Memory (MB): peak = 920.938 ; gain = 0.000

Phase 2 Constant propagation
INFO: [Opt 31-138] Pushed 0 inverter(s) to 0 load pin(s).
INFO: [Opt 31-10] Eliminated 0 cells.
Phase 2 Constant propagation | Checksum: 199fcb4e0

Time (s): cpu = 00:00:00 ; elapsed = 00:00:00.031 . Memory (MB): peak = 920.938 ; gain = 0.000

Phase 3 Sweep
INFO: [Opt 31-12] Eliminated 0 unconnected nets.
INFO: [Opt 31-11] Eliminated 0 unconnected cells.
Phase 3 Sweep | Checksum: 199fcb4e0

Time (s): cpu = 00:00:00 ; elapsed = 00:00:00.047 . Memory (MB): peak = 920.938 ; gain = 0.000

Phase 4 BUFG optimization
INFO: [Opt 31-12] Eliminated 0 unconnected nets.
INFO: [Opt 31-11] Eliminated 0 unconnected cells.
Phase 4 BUFG optimization | Checksum: 199fcb4e0

Time (s): cpu = 00:00:00 ; elapsed = 00:00:00.047 . Memory (MB): peak = 920.938 ; gain = 0.000

Starting Connectivity Check Task

Time (s): cpu = 00:00:00 ; elapsed = 00:00:00 . Memory (MB): peak = 920.938 ; gain = 0.000
Ending Logic Optimization Task | Checksum: 199fcb4e0

Time (s): cpu = 00:00:00 ; elapsed = 00:00:00.047 . Memory (MB): peak = 920.938 ; gain = 0.000

Starting Power Optimization Task
INFO: [Pwropt 34-132] Skipping clock gating for clocks with a period < 2.00 ns.
Ending Power Optimization Task | Checksum: 199fcb4e0

Time (s): cpu = 00:00:00 ; elapsed = 00:00:00.047 . Memory (MB): peak = 920.938 ; gain = 0.000
INFO: [Common 17-83] Releasing license: Implementation
23 Infos, 0 Warnings, 0 Critical Warnings and 0 Errors encountered.
opt_design completed successfully
opt_design: Time (s): cpu = 00:00:41 ; elapsed = 00:00:42 . Memory (MB): peak = 920.938 ; gain = 461.934
INFO: [Common 17-1381] The checkpoint 'C:/Xilinx/Projetos_PCR/Lista1/ex4/ex4.runs/impl_1/ex4_opt.dcp' has been generated.
INFO: [DRC 23-27] Running DRC with 2 threads
INFO: [Coretcl 2-168] The results of DRC are in file C:/Xilinx/Projetos_PCR/Lista1/ex4/ex4.runs/impl_1/ex4_drc_opted.rpt.
INFO: [Chipscope 16-241] No debug cores found in the current design.
Before running the implement_debug_core command, either use the Set Up Debug wizard (GUI mode)
or use the create_debug_core and connect_debug_core Tcl commands to insert debug cores into the design.
Command: place_design
Attempting to get a license for feature 'Implementation' and/or device 'xc7a35t'
INFO: [Common 17-349] Got license for feature 'Implementation' and/or device 'xc7a35t'
INFO: [DRC 23-27] Running DRC with 2 threads
INFO: [Vivado_Tcl 4-198] DRC finished with 0 Errors
INFO: [Vivado_Tcl 4-199] Please refer to the DRC report (report_drc) for more information.
Running DRC as a precondition to command place_design
INFO: [DRC 23-27] Running DRC with 2 threads
INFO: [Vivado_Tcl 4-198] DRC finished with 0 Errors
INFO: [Vivado_Tcl 4-199] Please refer to the DRC report (report_drc) for more information.

Starting Placer Task
INFO: [Place 30-611] Multithreading enabled for place_design using a maximum of 2 CPUs

Phase 1 Placer Initialization
Netlist sorting complete. Time (s): cpu = 00:00:00 ; elapsed = 00:00:00 . Memory (MB): peak = 920.938 ; gain = 0.000
Netlist sorting complete. Time (s): cpu = 00:00:00 ; elapsed = 00:00:00 . Memory (MB): peak = 920.938 ; gain = 0.000

Phase 1.1 IO Placement/ Clock Placement/ Build Placer Device
INFO: [Timing 38-35] Done setting XDC timing constraints.
Phase 1.1 IO Placement/ Clock Placement/ Build Placer Device | Checksum: 15db71bff

Time (s): cpu = 00:00:03 ; elapsed = 00:00:03 . Memory (MB): peak = 937.047 ; gain = 16.109

Phase 1.2 Build Placer Netlist Model
Phase 1.2 Build Placer Netlist Model | Checksum: 1eecd749d

Time (s): cpu = 00:00:03 ; elapsed = 00:00:03 . Memory (MB): peak = 937.047 ; gain = 16.109

Phase 1.3 Constrain Clocks/Macros
Phase 1.3 Constrain Clocks/Macros | Checksum: 1eecd749d

Time (s): cpu = 00:00:03 ; elapsed = 00:00:03 . Memory (MB): peak = 937.047 ; gain = 16.109
Phase 1 Placer Initialization | Checksum: 1eecd749d

Time (s): cpu = 00:00:03 ; elapsed = 00:00:03 . Memory (MB): peak = 937.047 ; gain = 16.109

Phase 2 Global Placement
Phase 2 Global Placement | Checksum: 1ae388fb2

Time (s): cpu = 00:00:03 ; elapsed = 00:00:03 . Memory (MB): peak = 937.047 ; gain = 16.109

Phase 3 Detail Placement

Phase 3.1 Commit Multi Column Macros
Phase 3.1 Commit Multi Column Macros | Checksum: 1ae388fb2

Time (s): cpu = 00:00:03 ; elapsed = 00:00:03 . Memory (MB): peak = 937.047 ; gain = 16.109

Phase 3.2 Commit Most Macros & LUTRAMs
Phase 3.2 Commit Most Macros & LUTRAMs | Checksum: 1b754f6c9

Time (s): cpu = 00:00:03 ; elapsed = 00:00:03 . Memory (MB): peak = 937.047 ; gain = 16.109

Phase 3.3 Area Swap Optimization
Phase 3.3 Area Swap Optimization | Checksum: 215bf8f7b

Time (s): cpu = 00:00:03 ; elapsed = 00:00:03 . Memory (MB): peak = 937.047 ; gain = 16.109

Phase 3.4 Pipeline Register Optimization
Phase 3.4 Pipeline Register Optimization | Checksum: 215bf8f7b

Time (s): cpu = 00:00:03 ; elapsed = 00:00:03 . Memory (MB): peak = 937.047 ; gain = 16.109

Phase 3.5 Small Shape Detail Placement
Phase 3.5 Small Shape Detail Placement | Checksum: 1b7a8d242

Time (s): cpu = 00:00:05 ; elapsed = 00:00:04 . Memory (MB): peak = 937.047 ; gain = 16.109

Phase 3.6 Re-assign LUT pins
Phase 3.6 Re-assign LUT pins | Checksum: 1b7a8d242

Time (s): cpu = 00:00:05 ; elapsed = 00:00:04 . Memory (MB): peak = 937.047 ; gain = 16.109

Phase 3.7 Pipeline Register Optimization
Phase 3.7 Pipeline Register Optimization | Checksum: 1b7a8d242

Time (s): cpu = 00:00:05 ; elapsed = 00:00:04 . Memory (MB): peak = 937.047 ; gain = 16.109
Phase 3 Detail Placement | Checksum: 1b7a8d242

Time (s): cpu = 00:00:05 ; elapsed = 00:00:04 . Memory (MB): peak = 937.047 ; gain = 16.109

Phase 4 Post Placement Optimization and Clean-Up

Phase 4.1 Post Commit Optimization
Phase 4.1 Post Commit Optimization | Checksum: 1b7a8d242

Time (s): cpu = 00:00:05 ; elapsed = 00:00:04 . Memory (MB): peak = 937.047 ; gain = 16.109

Phase 4.2 Post Placement Cleanup
Phase 4.2 Post Placement Cleanup | Checksum: 1b7a8d242

Time (s): cpu = 00:00:05 ; elapsed = 00:00:04 . Memory (MB): peak = 937.047 ; gain = 16.109

Phase 4.3 Placer Reporting
Phase 4.3 Placer Reporting | Checksum: 1b7a8d242

Time (s): cpu = 00:00:05 ; elapsed = 00:00:04 . Memory (MB): peak = 937.047 ; gain = 16.109

Phase 4.4 Final Placement Cleanup
Phase 4.4 Final Placement Cleanup | Checksum: 1b7a8d242

Time (s): cpu = 00:00:05 ; elapsed = 00:00:04 . Memory (MB): peak = 937.047 ; gain = 16.109
Phase 4 Post Placement Optimization and Clean-Up | Checksum: 1b7a8d242

Time (s): cpu = 00:00:05 ; elapsed = 00:00:04 . Memory (MB): peak = 937.047 ; gain = 16.109
Ending Placer Task | Checksum: 16f9ff8bb

Time (s): cpu = 00:00:05 ; elapsed = 00:00:04 . Memory (MB): peak = 937.047 ; gain = 16.109
INFO: [Common 17-83] Releasing license: Implementation
37 Infos, 0 Warnings, 0 Critical Warnings and 0 Errors encountered.
place_design completed successfully
place_design: Time (s): cpu = 00:00:06 ; elapsed = 00:00:06 . Memory (MB): peak = 937.047 ; gain = 16.109
Writing placer database...
Writing XDEF routing.
Writing XDEF routing logical nets.
Writing XDEF routing special nets.
Write XDEF Complete: Time (s): cpu = 00:00:01 ; elapsed = 00:00:00.352 . Memory (MB): peak = 937.047 ; gain = 0.000
INFO: [Common 17-1381] The checkpoint 'C:/Xilinx/Projetos_PCR/Lista1/ex4/ex4.runs/impl_1/ex4_placed.dcp' has been generated.
report_io: Time (s): cpu = 00:00:00 ; elapsed = 00:00:00.141 . Memory (MB): peak = 937.047 ; gain = 0.000
report_utilization: Time (s): cpu = 00:00:00 ; elapsed = 00:00:00.062 . Memory (MB): peak = 937.047 ; gain = 0.000
report_control_sets: Time (s): cpu = 00:00:00 ; elapsed = 00:00:00 . Memory (MB): peak = 937.047 ; gain = 0.000
Command: route_design
Attempting to get a license for feature 'Implementation' and/or device 'xc7a35t'
INFO: [Common 17-349] Got license for feature 'Implementation' and/or device 'xc7a35t'
Running DRC as a precondition to command route_design
INFO: [DRC 23-27] Running DRC with 2 threads
INFO: [Vivado_Tcl 4-198] DRC finished with 0 Errors
INFO: [Vivado_Tcl 4-199] Please refer to the DRC report (report_drc) for more information.


Starting Routing Task
INFO: [Route 35-254] Multithreading enabled for route_design using a maximum of 2 CPUs
Checksum: PlaceDB: bcfef5d4 ConstDB: 0 ShapeSum: b2a102e7 RouteDB: 0

Phase 1 Build RT Design
Phase 1 Build RT Design | Checksum: 12fc3d59e

Time (s): cpu = 00:01:18 ; elapsed = 00:01:12 . Memory (MB): peak = 1049.730 ; gain = 112.684

Phase 2 Router Initialization
INFO: [Route 35-64] No timing constraints were detected. The router will operate in resource-optimization mode.

Phase 2.1 Fix Topology Constraints
Phase 2.1 Fix Topology Constraints | Checksum: 12fc3d59e

Time (s): cpu = 00:01:18 ; elapsed = 00:01:12 . Memory (MB): peak = 1054.332 ; gain = 117.285

Phase 2.2 Pre Route Cleanup
Phase 2.2 Pre Route Cleanup | Checksum: 12fc3d59e

Time (s): cpu = 00:01:18 ; elapsed = 00:01:12 . Memory (MB): peak = 1054.332 ; gain = 117.285
Phase 2 Router Initialization | Checksum: 12fc3d59e

Time (s): cpu = 00:01:18 ; elapsed = 00:01:13 . Memory (MB): peak = 1055.879 ; gain = 118.832

Phase 3 Initial Routing
Phase 3 Initial Routing | Checksum: 151e6826b

Time (s): cpu = 00:01:19 ; elapsed = 00:01:13 . Memory (MB): peak = 1055.879 ; gain = 118.832

Phase 4 Rip-up And Reroute

Phase 4.1 Global Iteration 0
 Number of Nodes with overlaps = 0
Phase 4.1 Global Iteration 0 | Checksum: 2594e2ee

Time (s): cpu = 00:01:19 ; elapsed = 00:01:13 . Memory (MB): peak = 1055.879 ; gain = 118.832
Phase 4 Rip-up And Reroute | Checksum: 2594e2ee

Time (s): cpu = 00:01:19 ; elapsed = 00:01:13 . Memory (MB): peak = 1055.879 ; gain = 118.832

Phase 5 Delay and Skew Optimization
Phase 5 Delay and Skew Optimization | Checksum: 2594e2ee

Time (s): cpu = 00:01:19 ; elapsed = 00:01:13 . Memory (MB): peak = 1055.879 ; gain = 118.832

Phase 6 Post Hold Fix

Phase 6.1 Hold Fix Iter
Phase 6.1 Hold Fix Iter | Checksum: 2594e2ee

Time (s): cpu = 00:01:19 ; elapsed = 00:01:13 . Memory (MB): peak = 1055.879 ; gain = 118.832
Phase 6 Post Hold Fix | Checksum: 2594e2ee

Time (s): cpu = 00:01:19 ; elapsed = 00:01:13 . Memory (MB): peak = 1055.879 ; gain = 118.832

Phase 7 Route finalize

Router Utilization Summary
  Global Vertical Routing Utilization    = 0.00318903 %
  Global Horizontal Routing Utilization  = 0.00338365 %
  Routable Net Status*
  *Does not include unroutable nets such as driverless and loadless.
  Run report_route_status for detailed report.
  Number of Failed Nets               = 0
  Number of Unrouted Nets             = 0
  Number of Partially Routed Nets     = 0
  Number of Node Overlaps             = 0

Congestion Report
North Dir 1x1 Area, Max Cong = 3.6036%, No Congested Regions.
South Dir 1x1 Area, Max Cong = 9.00901%, No Congested Regions.
East Dir 1x1 Area, Max Cong = 2.94118%, No Congested Regions.
West Dir 1x1 Area, Max Cong = 2.94118%, No Congested Regions.
Phase 7 Route finalize | Checksum: 2594e2ee

Time (s): cpu = 00:01:19 ; elapsed = 00:01:13 . Memory (MB): peak = 1055.879 ; gain = 118.832

Phase 8 Verifying routed nets

 Verification completed successfully
Phase 8 Verifying routed nets | Checksum: 2594e2ee

Time (s): cpu = 00:01:19 ; elapsed = 00:01:13 . Memory (MB): peak = 1057.113 ; gain = 120.066

Phase 9 Depositing Routes
Phase 9 Depositing Routes | Checksum: 10e22a58b

Time (s): cpu = 00:01:19 ; elapsed = 00:01:13 . Memory (MB): peak = 1057.113 ; gain = 120.066
INFO: [Route 35-16] Router Completed Successfully

Time (s): cpu = 00:01:19 ; elapsed = 00:01:13 . Memory (MB): peak = 1057.113 ; gain = 120.066

Routing Is Done.
INFO: [Common 17-83] Releasing license: Implementation
46 Infos, 0 Warnings, 0 Critical Warnings and 0 Errors encountered.
route_design completed successfully
route_design: Time (s): cpu = 00:01:21 ; elapsed = 00:01:14 . Memory (MB): peak = 1057.113 ; gain = 120.066
Writing placer database...
Writing XDEF routing.
Writing XDEF routing logical nets.
Writing XDEF routing special nets.
Write XDEF Complete: Time (s): cpu = 00:00:00 ; elapsed = 00:00:00.140 . Memory (MB): peak = 1057.113 ; gain = 0.000
INFO: [Common 17-1381] The checkpoint 'C:/Xilinx/Projetos_PCR/Lista1/ex4/ex4.runs/impl_1/ex4_routed.dcp' has been generated.
INFO: [DRC 23-27] Running DRC with 2 threads
INFO: [Coretcl 2-168] The results of DRC are in file C:/Xilinx/Projetos_PCR/Lista1/ex4/ex4.runs/impl_1/ex4_drc_routed.rpt.
INFO: [Timing 38-35] Done setting XDC timing constraints.
INFO: [DRC 23-133] Running Methodology with 2 threads
INFO: [Coretcl 2-1520] The results of Report Methodology are in file C:/Xilinx/Projetos_PCR/Lista1/ex4/ex4.runs/impl_1/ex4_methodology_drc_routed.rpt.
INFO: [Timing 38-35] Done setting XDC timing constraints.
INFO: [Timing 38-91] UpdateTimingParams: Speed grade: -1, Delay Type: min_max.
INFO: [Timing 38-191] Multithreading enabled for timing update using a maximum of 2 CPUs
INFO: [Timing 38-35] Done setting XDC timing constraints.
WARNING: [Timing 38-313] There are no user specified timing constraints. Timing constraints are needed for proper timing analysis.
Command: report_power -file ex4_power_routed.rpt -pb ex4_power_summary_routed.pb -rpx ex4_power_routed.rpx
WARNING: [Power 33-232] No user defined clocks were found in the design!
Resolution: Please specify clocks using create_clock/create_generated_clock for sequential elements. For pure combinatorial circuits, please specify a virtual clock, otherwise the vectorless estimation might be inaccurate
Running Vector-less Activity Propagation...

Finished Running Vector-less Activity Propagation
56 Infos, 2 Warnings, 0 Critical Warnings and 0 Errors encountered.
report_power completed successfully
INFO: [Common 17-206] Exiting Vivado at Thu Mar 30 23:05:07 2017...
